{"level":"INFO","time":"2020-07-19T14:26:41.456+0800","caller":"middlewares/logger.go:18","msg":"/","status":200,"method":"GET","path":"/","query":"","ip":"::1","user-agent":"Mozilla/5.0 (Windows NT 10.0; Win64; x64) AppleWebKit/537.36 (KHTML, like Gecko) Chrome/83.0.4103.116 Safari/537.36","errors":"","duration":0}
{"level":"INFO","time":"2020-07-19T14:26:42.089+0800","caller":"middlewares/logger.go:18","msg":"/","status":200,"method":"GET","path":"/","query":"","ip":"::1","user-agent":"Mozilla/5.0 (Windows NT 10.0; Win64; x64) AppleWebKit/537.36 (KHTML, like Gecko) Chrome/83.0.4103.116 Safari/537.36","errors":"","duration":0.0009981}
{"level":"INFO","time":"2020-07-19T14:26:42.279+0800","caller":"middlewares/logger.go:18","msg":"/","status":200,"method":"GET","path":"/","query":"","ip":"::1","user-agent":"Mozilla/5.0 (Windows NT 10.0; Win64; x64) AppleWebKit/537.36 (KHTML, like Gecko) Chrome/83.0.4103.116 Safari/537.36","errors":"","duration":0}
{"level":"INFO","time":"2020-07-19T14:26:42.453+0800","caller":"middlewares/logger.go:18","msg":"/","status":200,"method":"GET","path":"/","query":"","ip":"::1","user-agent":"Mozilla/5.0 (Windows NT 10.0; Win64; x64) AppleWebKit/537.36 (KHTML, like Gecko) Chrome/83.0.4103.116 Safari/537.36","errors":"","duration":0}
{"level":"INFO","time":"2020-07-19T14:26:44.423+0800","caller":"go-web/main.go:39","msg":"interrupt"}
{"level":"INFO","time":"2020-07-19T14:27:21.041+0800","caller":"middlewares/logger.go:18","msg":"/","status":200,"method":"GET","path":"/","query":"","ip":"::1","user-agent":"Mozilla/5.0 (Windows NT 10.0; Win64; x64) AppleWebKit/537.36 (KHTML, like Gecko) Chrome/83.0.4103.116 Safari/537.36","errors":"","duration":0}
{"level":"INFO","time":"2020-07-19T14:27:41.805+0800","caller":"middlewares/logger.go:18","msg":"/","status":200,"method":"GET","path":"/","query":"","ip":"::1","user-agent":"Mozilla/5.0 (Windows NT 10.0; Win64; x64) AppleWebKit/537.36 (KHTML, like Gecko) Chrome/83.0.4103.116 Safari/537.36","errors":"","duration":0}
{"level":"INFO","time":"2020-07-19T14:28:13.633+0800","caller":"go-web/main.go:39","msg":"interrupt"}
{"level":"INFO","time":"2020-07-19T14:28:26.501+0800","caller":"middlewares/logger.go:18","msg":"/","status":200,"method":"GET","path":"/","query":"","ip":"::1","user-agent":"Mozilla/5.0 (Windows NT 10.0; Win64; x64) AppleWebKit/537.36 (KHTML, like Gecko) Chrome/83.0.4103.116 Safari/537.36","errors":"","duration":0}
{"level":"INFO","time":"2020-07-19T14:28:26.904+0800","caller":"middlewares/logger.go:18","msg":"/","status":200,"method":"GET","path":"/","query":"","ip":"::1","user-agent":"Mozilla/5.0 (Windows NT 10.0; Win64; x64) AppleWebKit/537.36 (KHTML, like Gecko) Chrome/83.0.4103.116 Safari/537.36","errors":"","duration":0}
{"level":"INFO","time":"2020-07-19T14:34:20.740+0800","caller":"go-web/main.go:39","msg":"interrupt"}
{"level":"INFO","time":"2020-07-19T14:51:36.780+0800","caller":"go-web/main.go:39","msg":"invalid database source"}
{"level":"INFO","time":"2020-07-19T14:52:47.299+0800","caller":"go-web/main.go:39","msg":"invalid database source"}
{"level":"INFO","time":"2020-07-19T15:03:32.990+0800","caller":"go-web/main.go:43","msg":"interrupt"}
{"level":"INFO","time":"2020-07-19T20:05:16.520+0800","caller":"go-web/main.go:43","msg":"interrupt"}
{"level":"INFO","time":"2020-07-19T20:15:28.722+0800","caller":"go-web/main.go:43","msg":"interrupt"}
{"level":"INFO","time":"2020-07-19T20:25:45.642+0800","caller":"go-web/main.go:43","msg":"interrupt"}
{"level":"INFO","time":"2020-07-19T20:26:40.645+0800","caller":"go-web/main.go:43","msg":"interrupt"}
{"level":"INFO","time":"2020-07-19T21:35:03.463+0800","caller":"go-web/main.go:43","msg":"interrupt"}
{"level":"INFO","time":"2020-07-19T21:36:48.724+0800","caller":"go-web/main.go:43","msg":"interrupt"}
{"level":"INFO","time":"2020-07-19T21:38:42.616+0800","caller":"go-web/main.go:43","msg":"interrupt"}
{"level":"INFO","time":"2020-07-19T21:39:21.421+0800","caller":"go-web/main.go:43","msg":"interrupt"}
{"level":"INFO","time":"2020-07-19T21:39:55.818+0800","caller":"go-web/main.go:43","msg":"interrupt"}
{"level":"INFO","time":"2020-07-20T10:45:34.810+0800","caller":"go-web/main.go:43","msg":"interrupt"}
{"level":"INFO","time":"2020-07-20T10:47:01.853+0800","caller":"go-web/main.go:43","msg":"interrupt"}
{"level":"INFO","time":"2020-07-20T10:51:43.288+0800","caller":"go-web/main.go:43","msg":"interrupt"}
{"level":"INFO","time":"2020-07-20T19:10:32.703+0800","caller":"go-web/main.go:48","msg":"interrupt"}
{"level":"INFO","time":"2020-07-20T22:04:55.498+0800","caller":"go-web/main.go:49","msg":"interrupt"}
{"level":"INFO","time":"2020-07-20T22:05:53.598+0800","caller":"go-web/main.go:48","msg":"interrupt"}
{"level":"INFO","time":"2020-07-20T22:06:08.650+0800","caller":"middlewares/logger.go:18","msg":"/","status":200,"method":"GET","path":"/","query":"","ip":"::1","user-agent":"Mozilla/5.0 (Windows NT 10.0; Win64; x64) AppleWebKit/537.36 (KHTML, like Gecko) Chrome/83.0.4103.116 Safari/537.36","errors":"","duration":0}
{"level":"INFO","time":"2020-07-20T22:06:08.846+0800","caller":"middlewares/logger.go:18","msg":"/favicon.ico","status":404,"method":"GET","path":"/favicon.ico","query":"","ip":"::1","user-agent":"Mozilla/5.0 (Windows NT 10.0; Win64; x64) AppleWebKit/537.36 (KHTML, like Gecko) Chrome/83.0.4103.116 Safari/537.36","errors":"","duration":0}
{"level":"INFO","time":"2020-07-20T22:06:09.909+0800","caller":"middlewares/logger.go:18","msg":"/","status":200,"method":"GET","path":"/","query":"","ip":"::1","user-agent":"Mozilla/5.0 (Windows NT 10.0; Win64; x64) AppleWebKit/537.36 (KHTML, like Gecko) Chrome/83.0.4103.116 Safari/537.36","errors":"","duration":0}
{"level":"INFO","time":"2020-07-20T22:06:10.345+0800","caller":"middlewares/logger.go:18","msg":"/","status":200,"method":"GET","path":"/","query":"","ip":"::1","user-agent":"Mozilla/5.0 (Windows NT 10.0; Win64; x64) AppleWebKit/537.36 (KHTML, like Gecko) Chrome/83.0.4103.116 Safari/537.36","errors":"","duration":0}
{"level":"INFO","time":"2020-07-20T22:06:10.537+0800","caller":"middlewares/logger.go:18","msg":"/","status":200,"method":"GET","path":"/","query":"","ip":"::1","user-agent":"Mozilla/5.0 (Windows NT 10.0; Win64; x64) AppleWebKit/537.36 (KHTML, like Gecko) Chrome/83.0.4103.116 Safari/537.36","errors":"","duration":0}
{"level":"INFO","time":"2020-07-20T22:06:10.719+0800","caller":"middlewares/logger.go:18","msg":"/","status":200,"method":"GET","path":"/","query":"","ip":"::1","user-agent":"Mozilla/5.0 (Windows NT 10.0; Win64; x64) AppleWebKit/537.36 (KHTML, like Gecko) Chrome/83.0.4103.116 Safari/537.36","errors":"","duration":0}
{"level":"INFO","time":"2020-07-20T22:06:10.918+0800","caller":"middlewares/logger.go:18","msg":"/","status":200,"method":"GET","path":"/","query":"","ip":"::1","user-agent":"Mozilla/5.0 (Windows NT 10.0; Win64; x64) AppleWebKit/537.36 (KHTML, like Gecko) Chrome/83.0.4103.116 Safari/537.36","errors":"","duration":0}
{"level":"INFO","time":"2020-07-20T22:06:11.103+0800","caller":"middlewares/logger.go:18","msg":"/","status":200,"method":"GET","path":"/","query":"","ip":"::1","user-agent":"Mozilla/5.0 (Windows NT 10.0; Win64; x64) AppleWebKit/537.36 (KHTML, like Gecko) Chrome/83.0.4103.116 Safari/537.36","errors":"","duration":0}
{"level":"INFO","time":"2020-07-20T22:06:11.301+0800","caller":"middlewares/logger.go:18","msg":"/","status":200,"method":"GET","path":"/","query":"","ip":"::1","user-agent":"Mozilla/5.0 (Windows NT 10.0; Win64; x64) AppleWebKit/537.36 (KHTML, like Gecko) Chrome/83.0.4103.116 Safari/537.36","errors":"","duration":0}
{"level":"INFO","time":"2020-07-20T22:06:11.488+0800","caller":"middlewares/logger.go:18","msg":"/","status":200,"method":"GET","path":"/","query":"","ip":"::1","user-agent":"Mozilla/5.0 (Windows NT 10.0; Win64; x64) AppleWebKit/537.36 (KHTML, like Gecko) Chrome/83.0.4103.116 Safari/537.36","errors":"","duration":0}
{"level":"INFO","time":"2020-07-20T22:06:11.672+0800","caller":"middlewares/logger.go:18","msg":"/","status":200,"method":"GET","path":"/","query":"","ip":"::1","user-agent":"Mozilla/5.0 (Windows NT 10.0; Win64; x64) AppleWebKit/537.36 (KHTML, like Gecko) Chrome/83.0.4103.116 Safari/537.36","errors":"","duration":0}
{"level":"INFO","time":"2020-07-20T22:06:11.859+0800","caller":"middlewares/logger.go:18","msg":"/","status":200,"method":"GET","path":"/","query":"","ip":"::1","user-agent":"Mozilla/5.0 (Windows NT 10.0; Win64; x64) AppleWebKit/537.36 (KHTML, like Gecko) Chrome/83.0.4103.116 Safari/537.36","errors":"","duration":0}
{"level":"INFO","time":"2020-07-20T22:06:12.055+0800","caller":"middlewares/logger.go:18","msg":"/","status":200,"method":"GET","path":"/","query":"","ip":"::1","user-agent":"Mozilla/5.0 (Windows NT 10.0; Win64; x64) AppleWebKit/537.36 (KHTML, like Gecko) Chrome/83.0.4103.116 Safari/537.36","errors":"","duration":0}
{"level":"INFO","time":"2020-07-20T22:06:12.250+0800","caller":"middlewares/logger.go:18","msg":"/","status":200,"method":"GET","path":"/","query":"","ip":"::1","user-agent":"Mozilla/5.0 (Windows NT 10.0; Win64; x64) AppleWebKit/537.36 (KHTML, like Gecko) Chrome/83.0.4103.116 Safari/537.36","errors":"","duration":0}
{"level":"INFO","time":"2020-07-20T22:06:12.450+0800","caller":"middlewares/logger.go:18","msg":"/","status":200,"method":"GET","path":"/","query":"","ip":"::1","user-agent":"Mozilla/5.0 (Windows NT 10.0; Win64; x64) AppleWebKit/537.36 (KHTML, like Gecko) Chrome/83.0.4103.116 Safari/537.36","errors":"","duration":0}
{"level":"INFO","time":"2020-07-20T22:06:12.653+0800","caller":"middlewares/logger.go:18","msg":"/","status":200,"method":"GET","path":"/","query":"","ip":"::1","user-agent":"Mozilla/5.0 (Windows NT 10.0; Win64; x64) AppleWebKit/537.36 (KHTML, like Gecko) Chrome/83.0.4103.116 Safari/537.36","errors":"","duration":0}
{"level":"INFO","time":"2020-07-20T22:06:12.844+0800","caller":"middlewares/logger.go:18","msg":"/","status":200,"method":"GET","path":"/","query":"","ip":"::1","user-agent":"Mozilla/5.0 (Windows NT 10.0; Win64; x64) AppleWebKit/537.36 (KHTML, like Gecko) Chrome/83.0.4103.116 Safari/537.36","errors":"","duration":0}
{"level":"INFO","time":"2020-07-20T22:06:13.057+0800","caller":"middlewares/logger.go:18","msg":"/","status":200,"method":"GET","path":"/","query":"","ip":"::1","user-agent":"Mozilla/5.0 (Windows NT 10.0; Win64; x64) AppleWebKit/537.36 (KHTML, like Gecko) Chrome/83.0.4103.116 Safari/537.36","errors":"","duration":0.0009964}
{"level":"INFO","time":"2020-07-20T22:06:13.266+0800","caller":"middlewares/logger.go:18","msg":"/","status":200,"method":"GET","path":"/","query":"","ip":"::1","user-agent":"Mozilla/5.0 (Windows NT 10.0; Win64; x64) AppleWebKit/537.36 (KHTML, like Gecko) Chrome/83.0.4103.116 Safari/537.36","errors":"","duration":0}
{"level":"INFO","time":"2020-07-20T22:06:13.456+0800","caller":"middlewares/logger.go:18","msg":"/","status":200,"method":"GET","path":"/","query":"","ip":"::1","user-agent":"Mozilla/5.0 (Windows NT 10.0; Win64; x64) AppleWebKit/537.36 (KHTML, like Gecko) Chrome/83.0.4103.116 Safari/537.36","errors":"","duration":0}
{"level":"INFO","time":"2020-07-20T22:06:13.684+0800","caller":"middlewares/logger.go:18","msg":"/","status":200,"method":"GET","path":"/","query":"","ip":"::1","user-agent":"Mozilla/5.0 (Windows NT 10.0; Win64; x64) AppleWebKit/537.36 (KHTML, like Gecko) Chrome/83.0.4103.116 Safari/537.36","errors":"","duration":0}
{"level":"INFO","time":"2020-07-20T22:06:13.873+0800","caller":"middlewares/logger.go:18","msg":"/","status":200,"method":"GET","path":"/","query":"","ip":"::1","user-agent":"Mozilla/5.0 (Windows NT 10.0; Win64; x64) AppleWebKit/537.36 (KHTML, like Gecko) Chrome/83.0.4103.116 Safari/537.36","errors":"","duration":0}
{"level":"INFO","time":"2020-07-20T22:06:14.064+0800","caller":"middlewares/logger.go:18","msg":"/","status":200,"method":"GET","path":"/","query":"","ip":"::1","user-agent":"Mozilla/5.0 (Windows NT 10.0; Win64; x64) AppleWebKit/537.36 (KHTML, like Gecko) Chrome/83.0.4103.116 Safari/537.36","errors":"","duration":0}
{"level":"INFO","time":"2020-07-20T22:06:47.440+0800","caller":"go-web/main.go:47","msg":"interrupt"}
{"level":"INFO","time":"2020-07-20T22:07:19.810+0800","caller":"middlewares/logger.go:18","msg":"/","status":200,"method":"GET","path":"/","query":"","ip":"::1","user-agent":"Mozilla/5.0 (Windows NT 10.0; Win64; x64) AppleWebKit/537.36 (KHTML, like Gecko) Chrome/83.0.4103.116 Safari/537.36","errors":"","duration":0.0009979}
{"level":"INFO","time":"2020-07-20T22:07:45.093+0800","caller":"go-web/main.go:49","msg":"interrupt"}
{"level":"INFO","time":"2020-07-20T22:08:13.533+0800","caller":"middlewares/logger.go:17","msg":"/","status":200,"method":"GET","path":"/","query":"","ip":"::1","user-agent":"Mozilla/5.0 (Windows NT 10.0; Win64; x64) AppleWebKit/537.36 (KHTML, like Gecko) Chrome/83.0.4103.116 Safari/537.36","errors":"","duration":0.0070109}
{"level":"INFO","time":"2020-07-20T22:09:45.860+0800","caller":"go-web/main.go:49","msg":"interrupt"}
{"level":"INFO","time":"2020-07-21T10:02:08.097+0800","caller":"go-web/main.go:60","msg":"interrupt"}
{"level":"INFO","time":"2020-07-21T10:42:53.975+0800","caller":"go-web/main.go:58","msg":"interrupt"}
{"level":"INFO","time":"2020-07-21T10:44:42.284+0800","caller":"go-web/main.go:58","msg":"interrupt"}
{"level":"INFO","time":"2020-07-21T10:45:08.550+0800","caller":"go-web/main.go:58","msg":"interrupt"}
{"level":"INFO","time":"2020-07-21T10:48:41.903+0800","caller":"go-web/main.go:59","msg":"interrupt"}
{"level":"INFO","time":"2020-07-21T11:09:03.077+0800","caller":"go-web/main.go:59","msg":"interrupt"}
{"level":"INFO","time":"2020-07-21T11:09:38.554+0800","caller":"go-web/main.go:59","msg":"interrupt"}
{"level":"INFO","time":"2020-07-21T16:33:38.522+0800","caller":"middlewares/logger.go:17","msg":"/test","status":404,"method":"POST","path":"/test","query":"","ip":"::1","user-agent":"PostmanRuntime/7.26.1","errors":"","duration":0}
{"level":"INFO","time":"2020-07-21T16:34:35.516+0800","caller":"go-web/main.go:51","msg":"interrupt"}
{"level":"INFO","time":"2020-07-21T16:34:56.716+0800","caller":"middlewares/logger.go:17","msg":"/test","status":404,"method":"POST","path":"/test","query":"","ip":"::1","user-agent":"PostmanRuntime/7.26.1","errors":"","duration":0}
{"level":"INFO","time":"2020-07-21T16:34:57.848+0800","caller":"middlewares/logger.go:17","msg":"/test","status":404,"method":"POST","path":"/test","query":"","ip":"::1","user-agent":"PostmanRuntime/7.26.1","errors":"","duration":0}
{"level":"INFO","time":"2020-07-21T16:35:08.112+0800","caller":"middlewares/logger.go:17","msg":"/","status":404,"method":"GET","path":"/","query":"","ip":"::1","user-agent":"Mozilla/5.0 (Windows NT 10.0; Win64; x64) AppleWebKit/537.36 (KHTML, like Gecko) Chrome/83.0.4103.116 Safari/537.36","errors":"","duration":0}
{"level":"INFO","time":"2020-07-21T16:35:08.298+0800","caller":"middlewares/logger.go:17","msg":"/favicon.ico","status":404,"method":"GET","path":"/favicon.ico","query":"","ip":"::1","user-agent":"Mozilla/5.0 (Windows NT 10.0; Win64; x64) AppleWebKit/537.36 (KHTML, like Gecko) Chrome/83.0.4103.116 Safari/537.36","errors":"","duration":0}
{"level":"ERROR","time":"2020-07-21T16:35:13.011+0800","caller":"common/message.go:16","msg":"SignUp with invalid param","error":"EOF"}
{"level":"INFO","time":"2020-07-21T16:35:13.011+0800","caller":"middlewares/logger.go:17","msg":"/test","status":200,"method":"GET","path":"/test","query":"","ip":"::1","user-agent":"Mozilla/5.0 (Windows NT 10.0; Win64; x64) AppleWebKit/537.36 (KHTML, like Gecko) Chrome/83.0.4103.116 Safari/537.36","errors":"","duration":0.0079781}
{"level":"ERROR","time":"2020-07-21T16:35:27.149+0800","caller":"common/message.go:16","msg":"SignUp with invalid param","error":"EOF"}
{"level":"INFO","time":"2020-07-21T16:35:27.149+0800","caller":"middlewares/logger.go:17","msg":"/test","status":200,"method":"GET","path":"/test","query":"","ip":"::1","user-agent":"PostmanRuntime/7.26.1","errors":"","duration":0.0089763}
{"level":"INFO","time":"2020-07-21T16:36:05.081+0800","caller":"go-web/main.go:52","msg":"interrupt"}
{"level":"ERROR","time":"2020-07-21T16:36:21.354+0800","caller":"common/message.go:16","msg":"SignUp with invalid param","error":"EOF"}
{"level":"INFO","time":"2020-07-21T16:36:21.367+0800","caller":"middlewares/logger.go:17","msg":"/test","status":200,"method":"GET","path":"/test","query":"","ip":"::1","user-agent":"PostmanRuntime/7.26.1","errors":"","duration":0.0199472}
{"level":"INFO","time":"2020-07-21T16:40:22.346+0800","caller":"go-web/main.go:52","msg":"interrupt"}
{"level":"ERROR","time":"2020-07-21T16:40:41.537+0800","caller":"common/message.go:16","msg":"SignUp with invalid param","error":"EOF"}
{"level":"INFO","time":"2020-07-21T16:40:41.550+0800","caller":"middlewares/logger.go:17","msg":"/test","status":200,"method":"GET","path":"/test","query":"","ip":"::1","user-agent":"PostmanRuntime/7.26.1","errors":"","duration":0.0129637}
{"level":"ERROR","time":"2020-07-21T16:41:50.504+0800","caller":"common/message.go:16","msg":"SignUp with invalid param","error":"invalid character 'u' looking for beginning of value"}
{"level":"INFO","time":"2020-07-21T16:41:50.504+0800","caller":"middlewares/logger.go:17","msg":"/test","status":200,"method":"GET","path":"/test","query":"","ip":"::1","user-agent":"PostmanRuntime/7.26.1","errors":"","duration":0}
{"level":"INFO","time":"2020-07-21T16:43:07.541+0800","caller":"go-web/main.go:51","msg":"interrupt"}
{"level":"ERROR","time":"2020-07-21T16:43:24.814+0800","caller":"common/message.go:17","msg":"SignUp with invalid param","error":"invalid character 'u' looking for beginning of value"}
{"level":"INFO","time":"2020-07-21T16:43:24.825+0800","caller":"middlewares/logger.go:17","msg":"/test","status":200,"method":"GET","path":"/test","query":"","ip":"::1","user-agent":"PostmanRuntime/7.26.1","errors":"","duration":0.0119664}
{"level":"ERROR","time":"2020-07-21T16:44:38.817+0800","caller":"common/message.go:17","msg":"SignUp with invalid param","error":"invalid character '\"' after object key:value pair"}
{"level":"INFO","time":"2020-07-21T16:44:38.817+0800","caller":"middlewares/logger.go:17","msg":"/test","status":200,"method":"GET","path":"/test","query":"","ip":"::1","user-agent":"PostmanRuntime/7.26.1","errors":"","duration":0.0009975}
{"level":"ERROR","time":"2020-07-21T16:45:22.428+0800","caller":"common/message.go:17","msg":"SignUp with invalid param","error":"invalid character '\"' after object key:value pair"}
{"level":"INFO","time":"2020-07-21T16:45:22.428+0800","caller":"middlewares/logger.go:17","msg":"/test","status":200,"method":"GET","path":"/test","query":"","ip":"::1","user-agent":"PostmanRuntime/7.26.1","errors":"","duration":0}
{"level":"INFO","time":"2020-07-21T16:46:07.621+0800","caller":"go-web/main.go:51","msg":"interrupt"}
{"level":"ERROR","time":"2020-07-21T16:46:25.399+0800","caller":"common/message.go:17","msg":"SignUp with invalid param","error":"invalid character '\"' after object key:value pair"}
{"level":"INFO","time":"2020-07-21T16:46:25.409+0800","caller":"middlewares/logger.go:17","msg":"/test","status":200,"method":"POST","path":"/test","query":"","ip":"::1","user-agent":"PostmanRuntime/7.26.1","errors":"","duration":0.0109697}
{"level":"INFO","time":"2020-07-21T16:48:52.712+0800","caller":"go-web/main.go:51","msg":"interrupt"}
{"level":"ERROR","time":"2020-07-21T16:49:04.147+0800","caller":"common/message.go:17","msg":"SignUp with invalid param","error":"invalid character '\"' after object key:value pair"}
{"level":"INFO","time":"2020-07-21T16:49:04.163+0800","caller":"middlewares/logger.go:17","msg":"/test","status":200,"method":"POST","path":"/test","query":"","ip":"::1","user-agent":"PostmanRuntime/7.26.1","errors":"","duration":0.0159574}
{"level":"ERROR","time":"2020-07-21T16:50:37.305+0800","caller":"common/message.go:17","msg":"SignUp with invalid param","error":"invalid character 'u' looking for beginning of value"}
{"level":"INFO","time":"2020-07-21T16:50:37.305+0800","caller":"middlewares/logger.go:17","msg":"/test","status":200,"method":"POST","path":"/test","query":"","ip":"::1","user-agent":"Mozilla/5.0 (Windows NT 10.0; Win64; x64) AppleWebKit/537.36 (KHTML, like Gecko) Chrome/83.0.4103.116 Safari/537.36","errors":"","duration":0.0009976}
{"level":"INFO","time":"2020-07-21T17:07:45.097+0800","caller":"go-web/main.go:58","msg":"interrupt"}
{"level":"ERROR","time":"2020-07-21T17:10:10.382+0800","caller":"common/message.go:17","msg":"SignUp with invalid param","error":"invalid character 'u' looking for beginning of value"}
{"level":"INFO","time":"2020-07-21T17:10:10.394+0800","caller":"middlewares/logger.go:17","msg":"/test","status":200,"method":"POST","path":"/test","query":"","ip":"::1","user-agent":"Mozilla/5.0 (Windows NT 10.0; Win64; x64) AppleWebKit/537.36 (KHTML, like Gecko) Chrome/83.0.4103.116 Safari/537.36","errors":"","duration":0.0144971}
{"level":"INFO","time":"2020-07-21T17:12:06.272+0800","caller":"go-web/main.go:58","msg":"interrupt"}
{"level":"ERROR","time":"2020-07-21T17:12:17.014+0800","caller":"common/message.go:17","msg":"SignUp with invalid param","error":"Key: 'Params.username' Error:Field validation for 'username' failed on the 'required' tag\nKey: 'Params.password' Error:Field validation for 'password' failed on the 'required' tag\nKey: 'Params.re_password' Error:Field validation for 're_password' failed on the 'required' tag"}
{"level":"INFO","time":"2020-07-21T17:12:17.027+0800","caller":"middlewares/logger.go:17","msg":"/test","status":200,"method":"POST","path":"/test","query":"","ip":"::1","user-agent":"Mozilla/5.0 (Windows NT 10.0; Win64; x64) AppleWebKit/537.36 (KHTML, like Gecko) Chrome/83.0.4103.116 Safari/537.36","errors":"","duration":0.0129654}
{"level":"INFO","time":"2020-07-21T17:14:41.386+0800","caller":"go-web/main.go:58","msg":"interrupt"}
{"level":"ERROR","time":"2020-07-21T17:14:53.739+0800","caller":"common/message.go:17","msg":"SignUp with invalid param","error":"Key: 'Params.username' Error:Field validation for 'username' failed on the 'required' tag\nKey: 'Params.password' Error:Field validation for 'password' failed on the 'required' tag\nKey: 'Params.re_password' Error:Field validation for 're_password' failed on the 'required' tag"}
{"level":"INFO","time":"2020-07-21T17:14:53.750+0800","caller":"middlewares/logger.go:17","msg":"/test","status":200,"method":"POST","path":"/test","query":"","ip":"::1","user-agent":"Mozilla/5.0 (Windows NT 10.0; Win64; x64) AppleWebKit/537.36 (KHTML, like Gecko) Chrome/83.0.4103.116 Safari/537.36","errors":"","duration":0.0109721}
{"level":"ERROR","time":"2020-07-21T17:15:40.206+0800","caller":"common/message.go:17","msg":"SignUp with invalid param","error":"Key: 'Params.username' Error:Field validation for 'username' failed on the 'required' tag\nKey: 'Params.password' Error:Field validation for 'password' failed on the 'required' tag\nKey: 'Params.re_password' Error:Field validation for 're_password' failed on the 'required' tag"}
{"level":"INFO","time":"2020-07-21T17:15:40.207+0800","caller":"middlewares/logger.go:17","msg":"/test","status":200,"method":"POST","path":"/test","query":"","ip":"::1","user-agent":"Mozilla/5.0 (Windows NT 10.0; Win64; x64) AppleWebKit/537.36 (KHTML, like Gecko) Chrome/83.0.4103.116 Safari/537.36","errors":"","duration":0.0009975}
{"level":"INFO","time":"2020-07-21T17:16:05.438+0800","caller":"go-web/main.go:58","msg":"interrupt"}
{"level":"ERROR","time":"2020-07-21T17:16:35.019+0800","caller":"common/message.go:17","msg":"SignUp with invalid param","error":"Key: 'Params.username' Error:Field validation for 'username' failed on the 'required' tag\nKey: 'Params.password' Error:Field validation for 'password' failed on the 'required' tag\nKey: 'Params.re_password' Error:Field validation for 're_password' failed on the 'required' tag"}
{"level":"INFO","time":"2020-07-21T17:16:35.034+0800","caller":"middlewares/logger.go:17","msg":"/test","status":200,"method":"POST","path":"/test","query":"","ip":"::1","user-agent":"Mozilla/5.0 (Windows NT 10.0; Win64; x64) AppleWebKit/537.36 (KHTML, like Gecko) Chrome/83.0.4103.116 Safari/537.36","errors":"","duration":0.0159596}
{"level":"INFO","time":"2020-07-21T17:17:41.144+0800","caller":"go-web/main.go:58","msg":"interrupt"}
{"level":"ERROR","time":"2020-07-21T17:18:09.190+0800","caller":"common/message.go:16","msg":"SignUp with invalid param","error":"Key: 'Params.username' Error:Field validation for 'username' failed on the 'required' tag\nKey: 'Params.password' Error:Field validation for 'password' failed on the 'required' tag\nKey: 'Params.re_password' Error:Field validation for 're_password' failed on the 'required' tag"}
{"level":"INFO","time":"2020-07-21T17:18:09.202+0800","caller":"middlewares/logger.go:17","msg":"/test","status":200,"method":"POST","path":"/test","query":"","ip":"::1","user-agent":"Mozilla/5.0 (Windows NT 10.0; Win64; x64) AppleWebKit/537.36 (KHTML, like Gecko) Chrome/83.0.4103.116 Safari/537.36","errors":"","duration":0.0119681}
{"level":"INFO","time":"2020-07-21T17:18:26.115+0800","caller":"go-web/main.go:58","msg":"interrupt"}
{"level":"ERROR","time":"2020-07-21T17:18:40.338+0800","caller":"common/message.go:16","msg":"SignUp with invalid param","error":"invalid character 'u' looking for beginning of value"}
{"level":"INFO","time":"2020-07-21T17:18:40.352+0800","caller":"middlewares/logger.go:17","msg":"/test","status":200,"method":"POST","path":"/test","query":"","ip":"::1","user-agent":"Mozilla/5.0 (Windows NT 10.0; Win64; x64) AppleWebKit/537.36 (KHTML, like Gecko) Chrome/83.0.4103.116 Safari/537.36","errors":"","duration":0.0139627}
{"level":"ERROR","time":"2020-07-21T17:19:42.778+0800","caller":"common/message.go:16","msg":"SignUp with invalid param","error":"invalid character '\"' after object key:value pair"}
{"level":"INFO","time":"2020-07-21T17:19:42.778+0800","caller":"middlewares/logger.go:17","msg":"/test","status":200,"method":"POST","path":"/test","query":"","ip":"::1","user-agent":"Mozilla/5.0 (Windows NT 10.0; Win64; x64) AppleWebKit/537.36 (KHTML, like Gecko) Chrome/83.0.4103.116 Safari/537.36","errors":"","duration":0.0009971}
{"level":"INFO","time":"2020-07-21T17:19:51.160+0800","caller":"go-web/main.go:58","msg":"interrupt"}
{"level":"ERROR","time":"2020-07-21T17:20:03.708+0800","caller":"common/message.go:16","msg":"SignUp with invalid param","error":"invalid character '\"' after object key:value pair"}
{"level":"INFO","time":"2020-07-21T17:20:03.720+0800","caller":"middlewares/logger.go:17","msg":"/test","status":200,"method":"POST","path":"/test","query":"","ip":"::1","user-agent":"Mozilla/5.0 (Windows NT 10.0; Win64; x64) AppleWebKit/537.36 (KHTML, like Gecko) Chrome/83.0.4103.116 Safari/537.36","errors":"","duration":0.0119675}
{"level":"INFO","time":"2020-07-21T17:20:35.458+0800","caller":"middlewares/logger.go:17","msg":"/test","status":200,"method":"POST","path":"/test","query":"","ip":"::1","user-agent":"Mozilla/5.0 (Windows NT 10.0; Win64; x64) AppleWebKit/537.36 (KHTML, like Gecko) Chrome/83.0.4103.116 Safari/537.36","errors":"","duration":0}
{"level":"INFO","time":"2020-07-21T17:20:47.545+0800","caller":"middlewares/logger.go:17","msg":"/test","status":404,"method":"GET","path":"/test","query":"","ip":"::1","user-agent":"Mozilla/5.0 (Windows NT 10.0; Win64; x64) AppleWebKit/537.36 (KHTML, like Gecko) Chrome/83.0.4103.116 Safari/537.36","errors":"","duration":0}
{"level":"ERROR","time":"2020-07-21T17:21:09.843+0800","caller":"common/message.go:16","msg":"SignUp with invalid param","error":"Key: 'Params.re_password' Error:Field validation for 're_password' failed on the 'eqfield' tag"}
{"level":"INFO","time":"2020-07-21T17:21:09.843+0800","caller":"middlewares/logger.go:17","msg":"/test","status":200,"method":"POST","path":"/test","query":"","ip":"::1","user-agent":"Mozilla/5.0 (Windows NT 10.0; Win64; x64) AppleWebKit/537.36 (KHTML, like Gecko) Chrome/83.0.4103.116 Safari/537.36","errors":"","duration":0.0009984}
{"level":"INFO","time":"2020-07-21T17:21:20.487+0800","caller":"middlewares/logger.go:17","msg":"/test","status":200,"method":"POST","path":"/test","query":"","ip":"::1","user-agent":"Mozilla/5.0 (Windows NT 10.0; Win64; x64) AppleWebKit/537.36 (KHTML, like Gecko) Chrome/83.0.4103.116 Safari/537.36","errors":"","duration":0}
